<?xml version="1.0" encoding="UTF-8"?>
<!-- Generated by org.testng.reporters.JUnitReportReporter -->
<testsuite hostname="DESKTOP-JCSH58D" failures="0" tests="1" name="day2.HeaderClass" time="5.808" errors="0" timestamp="2024-06-16T12:08:37 IST" skipped="0">
  <testcase classname="day2.HeaderClass" name="getHeader" time="5.808"/>
</testsuite> <!-- day2.HeaderClass -->
