<?xml version="1.0" encoding="UTF-8"?>
<!-- Generated by org.testng.reporters.JUnitReportReporter -->
<testsuite hostname="DESKTOP-JCSH58D" failures="0" tests="1" name="day2.PathQuery" time="5.718" errors="0" timestamp="2024-06-16T11:23:13 IST" skipped="0">
  <testcase classname="day2.PathQuery" name="passPathAndQuery" time="5.718"/>
</testsuite> <!-- day2.PathQuery -->
