<?xml version="1.0" encoding="UTF-8"?>
<!-- Generated by org.testng.reporters.JUnitReportReporter -->
<testsuite hostname="DESKTOP-JCSH58D" failures="0" tests="1" name="day1.PostRequest" time="6.763" errors="0" timestamp="2024-06-15T13:28:24 IST" skipped="0">
  <testcase classname="day1.PostRequest" name="postJsonFile" time="6.763"/>
</testsuite> <!-- day1.PostRequest -->
