<?xml version="1.0" encoding="UTF-8"?>
<!-- Generated by org.testng.reporters.JUnitReportReporter -->
<testsuite hostname="DESKTOP-JCSH58D" failures="0" tests="4" name="day1.HttpRequest" time="7.602" errors="0" timestamp="2024-06-15T13:08:11 IST" skipped="1">
  <testcase classname="day1.HttpRequest" name="postUser" time="6.564"/>
  <testcase classname="day1.HttpRequest" name="putUser" time="0.605"/>
  <testcase classname="day1.HttpRequest" name="deleteUser" time="0.433"/>
  <testcase classname="day1.HttpRequest" name="getUser">
    <skipped/>
  </testcase> <!-- getUser -->
</testsuite> <!-- day1.HttpRequest -->
