<?xml version="1.0" encoding="UTF-8"?>
<!-- Generated by org.testng.reporters.JUnitReportReporter -->
<testsuite hostname="DESKTOP-JCSH58D" failures="0" tests="1" name="day2.CookiesClass" time="4.326" errors="0" timestamp="2024-06-16T11:43:06 IST" skipped="0">
  <testcase classname="day2.CookiesClass" name="getCookie" time="4.326"/>
</testsuite> <!-- day2.CookiesClass -->
